<?xml version="1.0" encoding="UTF-8"?>
<testng-results ignored="0" total="3" passed="3" failed="0" skipped="0">
  <reporter-output>
  </reporter-output>
  <suite started-at="2025-07-15T22:53:39 IST" name="LoanDepartment" finished-at="2025-07-15T22:53:39 IST" duration-ms="54">
    <groups>
    </groups>
    <test started-at="2025-07-15T22:53:39 IST" name="PersonalLoan" finished-at="2025-07-15T22:53:39 IST" duration-ms="54">
      <class name="section_016.Day2">
        <test-method signature="personalLoan()[pri:0, instance:section_016.Day2@9597028]" started-at="2025-07-15T22:53:39 IST" name="personalLoan" finished-at="2025-07-15T22:53:39 IST" duration-ms="1" status="PASS">
          <reporter-output>
          </reporter-output>
        </test-method> <!-- personalLoan -->
      </class> <!-- section_016.Day2 -->
      <class name="section_016.Day1">
        <test-method signature="demoTest1()[pri:0, instance:section_016.Day1@5c33f1a9]" started-at="2025-07-15T22:53:39 IST" name="demoTest1" finished-at="2025-07-15T22:53:39 IST" duration-ms="13" status="PASS">
          <reporter-output>
          </reporter-output>
        </test-method> <!-- demoTest1 -->
        <test-method signature="demoTest2()[pri:0, instance:section_016.Day1@5c33f1a9]" started-at="2025-07-15T22:53:39 IST" name="demoTest2" finished-at="2025-07-15T22:53:39 IST" duration-ms="1" status="PASS">
          <reporter-output>
          </reporter-output>
        </test-method> <!-- demoTest2 -->
      </class> <!-- section_016.Day1 -->
    </test> <!-- PersonalLoan -->
  </suite> <!-- LoanDepartment -->
</testng-results>
