<?xml version="1.0" encoding="UTF-8"?>
<!-- Generated by org.testng.reporters.JUnitXMLReporter -->
<testsuite ignored="0" hostname="rohar-glinux" failures="0" tests="6" name="loan" time="0.018" errors="0" timestamp="2025-07-18T13:16:16 IST">
  <testcase classname="section_016.Day3" name="APILoginCarLoan" time="0.001"/>
  <testcase classname="section_016.Day3" name="MobileLoginCarLoan" time="0.001"/>
  <testcase classname="section_016.Day3" name="WebLoginCarLoan" time="0.002"/>
  <testcase classname="section_016.Day4" name="APILoginHomeLoan" time="0.001"/>
  <testcase classname="section_016.Day4" name="MobileLoginHomeLoan" time="0.0"/>
  <testcase classname="section_016.Day4" name="WebLoginHomeLoan" time="0.001"/>
</testsuite> <!-- loan -->
