<?xml version="1.0" encoding="UTF-8"?>
<!-- Generated by org.testng.reporters.JUnitXMLReporter -->
<testsuite ignored="0" hostname="rohar-glinux" failures="0" tests="3" name="PersonalLoan" time="0.043" errors="0" timestamp="2025-07-18T13:16:16 IST">
  <testcase classname="section_016.Day1" name="demoTest1" time="0.008"/>
  <testcase classname="section_016.Day1" name="demoTest2" time="0.001"/>
  <testcase classname="section_016.Day2" name="personalLoan" time="0.001"/>
</testsuite> <!-- PersonalLoan -->
